g:\visual studio 2015\projects\sem2\disc game\disc game\debug\vc140.idb
g:\visual studio 2015\projects\sem2\disc game\disc game\debug\disc game.obj
g:\visual studio 2015\projects\sem2\disc game\disc game\debug\game.obj
g:\visual studio 2015\projects\sem2\disc game\disc game\debug\stdafx.obj
g:\visual studio 2015\projects\sem2\disc game\disc game\debug\vc140.pdb
\\fs06d\stu8\home\amangat1894\visual studio 2015\projects\sem2\disc game\disc game\debug\game.obj
\\fs06d\stu8\home\amangat1894\visual studio 2015\projects\sem2\disc game\disc game\debug\stdafx.obj
\\fs06d\stu8\home\amangat1894\visual studio 2015\projects\sem2\disc game\disc game\debug\vc140.pdb
\\fs06d\stu8\home\amangat1894\visual studio 2015\projects\sem2\disc game\disc game\debug\vc140.idb
\\fs06d\stu8\home\amangat1894\visual studio 2015\projects\sem2\disc game\disc game\debug\disc game.obj
g:\visual studio 2015\projects\sem2\disc game\debug\disc game.ilk
g:\visual studio 2015\projects\sem2\disc game\debug\disc game.pdb
\\fs06d\stu8\home\amangat1894\visual studio 2015\projects\sem2\disc game\debug\disc game.ilk
\\fs06d\stu8\home\amangat1894\visual studio 2015\projects\sem2\disc game\debug\disc game.exe
\\fs06d\stu8\home\amangat1894\visual studio 2015\projects\sem2\disc game\debug\disc game.pdb
\\fs06d\stu8\home\amangat1894\visual studio 2015\projects\sem2\disc game\disc game\debug\disc game.tlog\cl.command.1.tlog
\\fs06d\stu8\home\amangat1894\visual studio 2015\projects\sem2\disc game\disc game\debug\disc game.tlog\cl.read.1.tlog
\\fs06d\stu8\home\amangat1894\visual studio 2015\projects\sem2\disc game\disc game\debug\disc game.tlog\cl.write.1.tlog
\\fs06d\stu8\home\amangat1894\visual studio 2015\projects\sem2\disc game\disc game\debug\disc game.tlog\link.command.1.tlog
\\fs06d\stu8\home\amangat1894\visual studio 2015\projects\sem2\disc game\disc game\debug\disc game.tlog\link.read.1.tlog
\\fs06d\stu8\home\amangat1894\visual studio 2015\projects\sem2\disc game\disc game\debug\disc game.tlog\link.write.1.tlog
